Using pre-set license
Built from '2020.3/staging' branch; Version is '2020.3.5f1 (8095aa901b9b) revision 8426922'; Using compiler version '192528614'; Build Type 'Release'
OS: 'Windows 10 Pro; OS build 19043.1586; Version 2009; 64bit' Language: 'pt' Physical Memory: 8150 MB
BatchMode: 1, IsHumanControllingUs: 0, StartBugReporterOnCrash: 0, Is64bit: 1, IsPro: 0

 COMMAND LINE ARGUMENTS:
C:\Program Files\Unity\Hub\Editor\2020.3.5f1\Editor\Unity.exe
-adb2
-batchMode
-noUpm
-name
AssetImportWorker0
-projectPath
C:/Users/User/Documents/unity_projetos/FirstPlataformer
-logFile
Logs/AssetImportWorker0.log
-srvPort
56137
Successfully changed project path to: C:/Users/User/Documents/unity_projetos/FirstPlataformer
C:/Users/User/Documents/unity_projetos/FirstPlataformer
Using Asset Import Pipeline V2.
Refreshing native plugins compatible for Editor in 40.66 ms, found 1 plugins.
Preloading 0 native plugins for Editor in 0.00 ms.
Initialize engine version: 2020.3.5f1 (8095aa901b9b)
[Subsystems] Discovering subsystems at path C:/Program Files/Unity/Hub/Editor/2020.3.5f1/Editor/Data/Resources/UnitySubsystems
[Subsystems] Discovering subsystems at path C:/Users/User/Documents/unity_projetos/FirstPlataformer/Assets
GfxDevice: creating device client; threaded=0
Direct3D:
    Version:  Direct3D 11.0 [level 11.0]
    Renderer: NVIDIA GeForce GT 610 (ID=0x104a)
    Vendor:   
    VRAM:     1989 MB
    Driver:   23.21.13.9135
Initialize mono
Mono path[0] = 'C:/Program Files/Unity/Hub/Editor/2020.3.5f1/Editor/Data/Managed'
Mono path[1] = 'C:/Program Files/Unity/Hub/Editor/2020.3.5f1/Editor/Data/MonoBleedingEdge/lib/mono/unityjit'
Mono config path = 'C:/Program Files/Unity/Hub/Editor/2020.3.5f1/Editor/Data/MonoBleedingEdge/etc'
Using monoOptions --debugger-agent=transport=dt_socket,embedding=1,server=y,suspend=n,address=127.0.0.1:56016
Begin MonoManager ReloadAssembly
Registering precompiled unity dll's ...
Register platform support module: C:/Program Files/Unity/Hub/Editor/2020.3.5f1/Editor/Data/PlaybackEngines/WindowsStandaloneSupport/UnityEditor.WindowsStandalone.Extensions.dll
Registered in 0.001823 seconds.
Native extension for WindowsStandalone target not found
Refreshing native plugins compatible for Editor in 40.28 ms, found 1 plugins.
Preloading 0 native plugins for Editor in 0.00 ms.
Mono: successfully reloaded assembly
- Completed reload, in  1.134 seconds
Platform modules already initialized, skipping
Registering precompiled user dll's ...
Registered in 0.001095 seconds.
Begin MonoManager ReloadAssembly
Native extension for WindowsStandalone target not found
Refreshing native plugins compatible for Editor in 43.52 ms, found 1 plugins.
Preloading 0 native plugins for Editor in 0.00 ms.
Mono: successfully reloaded assembly
- Completed reload, in  1.017 seconds
Platform modules already initialized, skipping
========================================================================
Worker process is ready to serve import requests
Launched and connected shader compiler UnityShaderCompiler.exe after 0.05 seconds
Refreshing native plugins compatible for Editor in 0.36 ms, found 1 plugins.
Preloading 0 native plugins for Editor in 0.00 ms.
Unloading 1808 Unused Serialized files (Serialized files now loaded: 0)
System memory in use before: 85.0 MB.
System memory in use after: 84.9 MB.

Unloading 24 unused Assets to reduce memory usage. Loaded Objects now: 2250.
Total: 2.359000 ms (FindLiveObjects: 0.253900 ms CreateObjectMapping: 0.106900 ms MarkObjects: 1.837300 ms  DeleteObjects: 0.159500 ms)

========================================================================
Received Import Request.
  path: Assets/herochar_sprites/herochar_idle_anim_strip_4.png
  artifactKey: Guid(dd9a927a2d2c8024093b8d73152390da) Importer(815301076,1909f56bfc062723c751e8b465ee728b)
Start importing Assets/herochar_sprites/herochar_idle_anim_strip_4.png using Guid(dd9a927a2d2c8024093b8d73152390da) Importer(815301076,1909f56bfc062723c751e8b465ee728b)  -> (artifact id: '2ddb250b6dbd8fcb5a1dc3eafcbf6150') in 0.074676 seconds
  Import took 0.078116 seconds .

========================================================================
Received Import Request.
  Time since last request: 29.616231 seconds.
  path: Assets/herochar_sprites/herochar_idle_anim_strip_4.png
  artifactKey: Guid(dd9a927a2d2c8024093b8d73152390da) Importer(815301076,1909f56bfc062723c751e8b465ee728b)
Start importing Assets/herochar_sprites/herochar_idle_anim_strip_4.png using Guid(dd9a927a2d2c8024093b8d73152390da) Importer(815301076,1909f56bfc062723c751e8b465ee728b)  -> (artifact id: '286e1ba2dfb90abfaeb00d2882df5112') in 0.069996 seconds
  Import took 0.074441 seconds .

========================================================================
Received Import Request.
  Time since last request: 30.424701 seconds.
  path: Assets/miscellaneous_sprites/antidote_potion.png
  artifactKey: Guid(e47089cfe198aa748a406aac7d50f15f) Importer(815301076,1909f56bfc062723c751e8b465ee728b)
Start importing Assets/miscellaneous_sprites/antidote_potion.png using Guid(e47089cfe198aa748a406aac7d50f15f) Importer(815301076,1909f56bfc062723c751e8b465ee728b)  -> (artifact id: '9830585f68e525ca7d5795aa9fdfeaca') in 0.015955 seconds
  Import took 0.019826 seconds .

========================================================================
Received Import Request.
  Time since last request: 0.000326 seconds.
  path: Assets/tiles and background_foreground (new)/bg_0.png
  artifactKey: Guid(b0feb6ceab7c9cc44a0063e93394d4a3) Importer(815301076,1909f56bfc062723c751e8b465ee728b)
Start importing Assets/tiles and background_foreground (new)/bg_0.png using Guid(b0feb6ceab7c9cc44a0063e93394d4a3) Importer(815301076,1909f56bfc062723c751e8b465ee728b)  -> (artifact id: 'dcc88110e8e592f5370d55b5a71c7dbe') in 0.020658 seconds
  Import took 0.024458 seconds .

========================================================================
Received Import Request.
  Time since last request: 0.000322 seconds.
  path: Assets/tiles and background_foreground (new)/bg_1.png
  artifactKey: Guid(707630efab005a14597b0e78e67b7100) Importer(815301076,1909f56bfc062723c751e8b465ee728b)
Start importing Assets/tiles and background_foreground (new)/bg_1.png using Guid(707630efab005a14597b0e78e67b7100) Importer(815301076,1909f56bfc062723c751e8b465ee728b)  -> (artifact id: '6b946ca39e25235ea95e57ed8d6fd0cb') in 0.015005 seconds
  Import took 0.018120 seconds .

========================================================================
Received Import Request.
  Time since last request: 0.000298 seconds.
  path: Assets/tiles and background_foreground (new)/bg_2.png
  artifactKey: Guid(bf12e1a2bbd0e3242b12a395fbc762bb) Importer(815301076,1909f56bfc062723c751e8b465ee728b)
Start importing Assets/tiles and background_foreground (new)/bg_2.png using Guid(bf12e1a2bbd0e3242b12a395fbc762bb) Importer(815301076,1909f56bfc062723c751e8b465ee728b)  -> (artifact id: '45e5f30b52f1f05815b2065804623c13') in 0.015429 seconds
  Import took 0.031571 seconds .

========================================================================
Received Import Request.
  Time since last request: 0.000316 seconds.
  path: Assets/miscellaneous_sprites/arrow_plate_right.png
  artifactKey: Guid(2271463812a30e64195a3ec05c472022) Importer(815301076,1909f56bfc062723c751e8b465ee728b)
Start importing Assets/miscellaneous_sprites/arrow_plate_right.png using Guid(2271463812a30e64195a3ec05c472022) Importer(815301076,1909f56bfc062723c751e8b465ee728b)  -> (artifact id: 'd031745e6b9383dcbf47ee8024aa33f8') in 0.021609 seconds
  Import took 0.025018 seconds .

========================================================================
Received Import Request.
  Time since last request: 0.000187 seconds.
  path: Assets/tiles and background_foreground (new)/background.png
  artifactKey: Guid(52a333fcb1df55646afbcb4c27b5fe31) Importer(815301076,1909f56bfc062723c751e8b465ee728b)
Start importing Assets/tiles and background_foreground (new)/background.png using Guid(52a333fcb1df55646afbcb4c27b5fe31) Importer(815301076,1909f56bfc062723c751e8b465ee728b)  -> (artifact id: '25039fcf6042a849bd9a43e9357388c8') in 0.013711 seconds
  Import took 0.016885 seconds .

========================================================================
Received Import Request.
  Time since last request: 0.000188 seconds.
  path: Assets/miscellaneous_sprites/arrow_plate_left.png
  artifactKey: Guid(248404261f98b3048826ab0562799090) Importer(815301076,1909f56bfc062723c751e8b465ee728b)
Start importing Assets/miscellaneous_sprites/arrow_plate_left.png using Guid(248404261f98b3048826ab0562799090) Importer(815301076,1909f56bfc062723c751e8b465ee728b)  -> (artifact id: '852cbabc9e4d5e453499b05606530a4a') in 0.022072 seconds
  Import took 0.025225 seconds .

========================================================================
Received Import Request.
  Time since last request: 0.000193 seconds.
  path: Assets/miscellaneous_sprites/antidote_potion.png
  artifactKey: Guid(e47089cfe198aa748a406aac7d50f15f) Importer(815301076,1909f56bfc062723c751e8b465ee728b)
Start importing Assets/miscellaneous_sprites/antidote_potion.png using Guid(e47089cfe198aa748a406aac7d50f15f) Importer(815301076,1909f56bfc062723c751e8b465ee728b)  -> (artifact id: '9830585f68e525ca7d5795aa9fdfeaca') in 0.008872 seconds
  Import took 0.013538 seconds .

========================================================================
Received Import Request.
  Time since last request: 0.000206 seconds.
  path: Assets/miscellaneous_sprites/apple_item.png
  artifactKey: Guid(354925d74e3a40f42879b3bb76c0268f) Importer(815301076,1909f56bfc062723c751e8b465ee728b)
Start importing Assets/miscellaneous_sprites/apple_item.png using Guid(354925d74e3a40f42879b3bb76c0268f) Importer(815301076,1909f56bfc062723c751e8b465ee728b)  -> (artifact id: '337ebd6374c7b18335cedce0f4619ddb') in 0.013263 seconds
  Import took 0.016427 seconds .

========================================================================
Received Import Request.
  Time since last request: 91.045752 seconds.
  path: Assets/herochar_sprites/herochar_run_anim_strip_6.png
  artifactKey: Guid(77276a324e18bdf43b0879fa58b7c689) Importer(815301076,1909f56bfc062723c751e8b465ee728b)
Start importing Assets/herochar_sprites/herochar_run_anim_strip_6.png using Guid(77276a324e18bdf43b0879fa58b7c689) Importer(815301076,1909f56bfc062723c751e8b465ee728b)  -> (artifact id: 'd0a2449a3220f41034ed1e99100efed3') in 0.017117 seconds
  Import took 0.021571 seconds .

========================================================================
Received Import Request.
  Time since last request: 3.555996 seconds.
  path: Assets/herochar_sprites/herochar_run_anim_strip_6.png
  artifactKey: Guid(77276a324e18bdf43b0879fa58b7c689) Importer(815301076,1909f56bfc062723c751e8b465ee728b)
Start importing Assets/herochar_sprites/herochar_run_anim_strip_6.png using Guid(77276a324e18bdf43b0879fa58b7c689) Importer(815301076,1909f56bfc062723c751e8b465ee728b)  -> (artifact id: 'cb80023eddd10b389bbf91e84df1c415') in 0.019386 seconds
  Import took 0.029811 seconds .

========================================================================
Received Import Request.
  Time since last request: 8.911695 seconds.
  path: Assets/herochar_sprites/herochar_run_anim_strip_6.png
  artifactKey: Guid(77276a324e18bdf43b0879fa58b7c689) Importer(815301076,1909f56bfc062723c751e8b465ee728b)
Start importing Assets/herochar_sprites/herochar_run_anim_strip_6.png using Guid(77276a324e18bdf43b0879fa58b7c689) Importer(815301076,1909f56bfc062723c751e8b465ee728b)  -> (artifact id: 'ffd88b11cb749b73b7862972025650ff') in 0.040668 seconds
  Import took 0.053665 seconds .

========================================================================
Received Import Request.
  Time since last request: 61.563546 seconds.
  path: Assets/Animation/Player.controller
  artifactKey: Guid(6b4fc58580331624b9f39d52598ae9e0) Importer(815301076,1909f56bfc062723c751e8b465ee728b)
Start importing Assets/Animation/Player.controller using Guid(6b4fc58580331624b9f39d52598ae9e0) Importer(815301076,1909f56bfc062723c751e8b465ee728b)  -> (artifact id: '61ecc77bd0d3849258b750ce3456163e') in 0.022964 seconds
  Import took 0.026551 seconds .

========================================================================
Received Import Request.
  Time since last request: 29.710952 seconds.
  path: Assets/Animation/Player.controller
  artifactKey: Guid(6b4fc58580331624b9f39d52598ae9e0) Importer(815301076,1909f56bfc062723c751e8b465ee728b)
Start importing Assets/Animation/Player.controller using Guid(6b4fc58580331624b9f39d52598ae9e0) Importer(815301076,1909f56bfc062723c751e8b465ee728b)  -> (artifact id: '6f6640fbbd4619c0b96f0e9c2b7a8bf6') in 0.003843 seconds
  Import took 0.007375 seconds .

========================================================================
Received Import Request.
  Time since last request: 38.513608 seconds.
  path: Assets/Animation/Player.controller
  artifactKey: Guid(6b4fc58580331624b9f39d52598ae9e0) Importer(815301076,1909f56bfc062723c751e8b465ee728b)
Start importing Assets/Animation/Player.controller using Guid(6b4fc58580331624b9f39d52598ae9e0) Importer(815301076,1909f56bfc062723c751e8b465ee728b)  -> (artifact id: '62ebf93fc375c09e3d124ac0759eccc8') in 0.004229 seconds
  Import took 0.008618 seconds .

========================================================================
Received Import Request.
  Time since last request: 0.000691 seconds.
  path: Assets/Animation/Player.controller
  artifactKey: Guid(6b4fc58580331624b9f39d52598ae9e0) Importer(815301076,1909f56bfc062723c751e8b465ee728b)
Start importing Assets/Animation/Player.controller using Guid(6b4fc58580331624b9f39d52598ae9e0) Importer(815301076,1909f56bfc062723c751e8b465ee728b)  -> (artifact id: '62ebf93fc375c09e3d124ac0759eccc8') in 0.004435 seconds
  Import took 0.007635 seconds .

========================================================================
Received Import Request.
  Time since last request: 1.085431 seconds.
  path: Assets/Animation/Player.controller
  artifactKey: Guid(6b4fc58580331624b9f39d52598ae9e0) Importer(815301076,1909f56bfc062723c751e8b465ee728b)
Start importing Assets/Animation/Player.controller using Guid(6b4fc58580331624b9f39d52598ae9e0) Importer(815301076,1909f56bfc062723c751e8b465ee728b)  -> (artifact id: 'b277ddd700b5308581590c657ffe1922') in 0.005845 seconds
  Import took 0.010262 seconds .

AssetImportWorkerClient::OnTransportError - code=2 error=End of file
